C:\Program Files (x86)\Microsoft Visual Studio\2019\Preview\MSBuild\Microsoft\VC\v160\Microsoft.CppBuild.targets(467,5): warning MSB8028: 中间目录(Debug\)包含从另一个项目(C语言.vcxproj)共享的文件。   这会导致错误的清除和重新生成行为。
  C语言--for循环9.9乘法表.cpp
  C语言--ASCII码.cpp
  C语言--break语句.cpp
  C语言--continue语句.cpp
  C语言--do-while循环.cpp
  C语言--for循环.cpp
  C语言--goto语句.cpp
  C语言--if-else判断平年闰年.cpp
  C语言--if-else嵌套.cpp
  C语言--if-else语句.cpp
  C语言--if语句.cpp
  C语言--switch语句.cpp
  C语言--while循环.cpp
  C语言--三目运算符.cpp
  C语言--主函数.cpp
  C语言--关系运算符.cpp
  C语言--内部函数与外部函数.cpp
  C语言--函数的返回值.cpp
  C语言--判断日期.cpp
  C语言--参数练习.cpp
  正在生成代码...
  正在编译...
  C语言--双重循环输出三角形.cpp
  C语言--双重循环输出正三角形.cpp
  C语言--变量存储类别.cpp
  C语言--变量存储类别static.cpp
  C语言--基本数据类型.cpp
  C语言--字符串与数组（二）.cpp
  C语言--局部与全部.cpp
  C语言--常量.cpp
  C语言--强制类型转换.cpp
  C语言--形参与实参.cpp
  C语言--循环比较.cpp
  C语言--有参与无参函数.cpp
  C语言--标识符.cpp
  C语言--格式化输入输出.cpp
  C语言--for循环水仙花数.cpp
  C语言--算术优先级.cpp
  C语言--自创函数+函数调用.cpp
  C语言--自动类型转换.cpp
  C语言--自增自减.cpp
  C语言--行走的小人.cpp
  正在生成代码...
  正在编译...
  C语言--赋值运算符.cpp
  C语言--递归函数.cpp
  C语言--递归函数一.cpp
  C语言--递归函数二.cpp
  C语言--逻辑运算符.cpp
  C语言--阶乘.cpp
  C语言局部与全局一.cpp
  正在生成代码...
  C语言--冒泡排序（一）.c
  C语言--冒泡排序（二）.c
  C语言--多维数组.c
  C语言--字符串与数组.c
  C语言--对角线元素之和.c
  C语言--数据查找（二）.c
  C语言--数组.c
  C语言--数组作为函数参数2.c
  C语言--数组作函数参数.c
  C语言--数组元素作参数.c
  C语言--数组查找.c
  C语言--数组遍历.c
  C语言--练习题.c
  C语言--自创函数练习.c
  C语言--strcpy字符串拷贝.c
  C语言--字符串函数.c
  C语言多维数组遍历.c
  正在生成代码...
